
PROCESSED DATASET FOR Italy
===================================

Original shape (25160, 79)
After issue voters (10242, 79)
After educated (Highschool and above): (9346, 79)
After very politically active (Very) (3617, 79)
vi size: 3617
Missing vi: 30
['FDI', 'FI', 'Lega Nord', 'M5S', 'NCD-UCD', 'PD', 'ScelteEur', 'Lista Tsipras']
Filtered vi size: 3206
30 answers
Reduced database size: (3206, 30)

PROCESSED DATASET FOR Italy
===================================

Original shape (25160, 79)
After issue voters (10242, 79)
After educated (Highschool and above): (9346, 79)
After very politically active (Very) (3617, 79)
vi size: 3617
Missing vi: 30
['FDI', 'FI', 'Lega Nord', 'M5S', 'NCD-UCD', 'PD', 'ScelteEur', 'Lista Tsipras']
Filtered vi size: 3206
30 answers
Reduced database size: (3206, 30)
